2026-03-30T20:40:11.227373 | REFRESH | Checking for stale pages to regenerate...
2026-03-30T20:40:11.513640 | REFRESH | Failed to fetch stale pages: HTTP Error 401: Unauthorized
2026-03-30T20:45:11.531439 | REFRESH | Checking for stale pages to regenerate...
2026-03-30T20:45:11.759137 | REFRESH | Failed to fetch stale pages: HTTP Error 401: Unauthorized
2026-03-30T20:50:11.769986 | REFRESH | Checking for stale pages to regenerate...
2026-03-30T20:50:11.949371 | REFRESH | Failed to fetch stale pages: HTTP Error 401: Unauthorized
2026-03-30T20:55:11.964728 | REFRESH | Checking for stale pages to regenerate...
2026-03-30T20:55:12.278663 | REFRESH | Failed to fetch stale pages: HTTP Error 401: Unauthorized
2026-03-30T21:00:12.293793 | REFRESH | Checking for stale pages to regenerate...
2026-03-30T21:00:12.531008 | REFRESH | Failed to fetch stale pages: HTTP Error 401: Unauthorized
2026-03-30T21:05:12.544082 | REFRESH | Checking for stale pages to regenerate...
2026-03-30T21:05:12.734937 | REFRESH | Failed to fetch stale pages: HTTP Error 401: Unauthorized
2026-03-30T21:10:12.748393 | REFRESH | Checking for stale pages to regenerate...
2026-03-30T21:10:12.892949 | REFRESH | Failed to fetch stale pages: HTTP Error 401: Unauthorized
2026-03-30T21:15:12.901998 | REFRESH | Checking for stale pages to regenerate...
2026-03-30T21:15:13.107424 | REFRESH | Failed to fetch stale pages: HTTP Error 401: Unauthorized
2026-03-30T21:20:13.115510 | REFRESH | Checking for stale pages to regenerate...
2026-03-30T21:20:13.333259 | REFRESH | Failed to fetch stale pages: HTTP Error 401: Unauthorized
2026-03-30T21:25:13.348526 | REFRESH | Checking for stale pages to regenerate...
2026-03-30T21:25:13.538188 | REFRESH | Failed to fetch stale pages: HTTP Error 401: Unauthorized
2026-03-30T21:30:13.552800 | REFRESH | Checking for stale pages to regenerate...
2026-03-30T21:30:13.737573 | REFRESH | Failed to fetch stale pages: HTTP Error 401: Unauthorized
2026-03-30T21:35:13.751137 | REFRESH | Checking for stale pages to regenerate...
2026-03-30T21:35:13.991398 | REFRESH | Failed to fetch stale pages: HTTP Error 401: Unauthorized
2026-03-30T21:40:14.006180 | REFRESH | Checking for stale pages to regenerate...
2026-03-30T21:40:14.266266 | REFRESH | Failed to fetch stale pages: HTTP Error 401: Unauthorized
2026-03-30T21:45:14.279099 | REFRESH | Checking for stale pages to regenerate...
2026-03-30T21:45:14.490750 | REFRESH | Failed to fetch stale pages: HTTP Error 401: Unauthorized
2026-03-30T21:50:14.506999 | REFRESH | Checking for stale pages to regenerate...
2026-03-30T21:50:14.749392 | REFRESH | Failed to fetch stale pages: HTTP Error 401: Unauthorized
2026-03-30T21:50:14.749392 | REFRESH | Failed to fetch stale pages: HTTP Error 401: Unauthorized
2026-03-31T04:14:53.271119 | REFRESH | Checking for stale pages to regenerate...
2026-03-31T04:14:53.479752 | REFRESH | Regenerating stale page: Air Control / hub (v1)
2026-03-31T04:14:53.537916 | REFRESH | Refreshing hub: Air Control
2026-03-31T04:14:55.306641 | REFRESH | Regenerating stale page: Air Control / meeting (v1)
2026-03-31T04:14:55.307005 | REFRESH | Meeting page for Air Control marked — manual regeneration needed
2026-03-31T04:14:55.435516 | REFRESH | Regenerating stale page: Air Control / data_room (v1)
2026-03-31T04:17:13.246572 | REFRESH | Refreshing hub: Air Control
2026-03-31T04:17:14.757038 | REFRESH | Refreshing dashboard
2026-03-31T04:17:16.804571 | REFRESH | Regenerating stale page: Air Control / proposal (v1)
2026-03-31T04:19:24.256280 | REFRESH | Refreshing hub: Air Control
2026-03-31T04:19:25.694791 | REFRESH | Refreshing dashboard
2026-03-31T04:19:27.767267 | REFRESH | Regenerated 4/4 stale pages
2026-03-31T04:19:27.767783 | REFRESH | Refreshing dashboard
