2026-03-30 13:40:11,227 [INFO] ============================================================
2026-03-30 13:40:11,227 [INFO] Comment Processor started (Steps 6-9, 14)
2026-03-30 13:40:11,227 [INFO] Logging to: /Users/clawdbot/Projects/dossier-pipeline/data/audit-logs/feedback_system.log
2026-03-30 13:40:11,227 [INFO] ============================================================
2026-03-30 13:40:11,500 [INFO] Found 1 pending comments to process
2026-03-30 13:40:12,020 [ERROR] Failed to propose template: HTTP Error 400: Bad Request
2026-03-30 13:40:12,177 [INFO] Notification created for template proposal: Springer Floor/narrative
2026-03-30 13:40:12,382 [INFO] Processing resolved comments for QA log...
2026-03-30 13:40:12,704 [INFO] Logged 0 resolved comments to QA log and audits
2026-03-30 13:41:13,021 [INFO] Processing resolved comments for QA log...
2026-03-30 13:41:13,350 [INFO] Logged 0 resolved comments to QA log and audits
2026-03-30 13:42:13,776 [INFO] Processing resolved comments for QA log...
2026-03-30 13:42:14,172 [INFO] Logged 0 resolved comments to QA log and audits
2026-03-30 13:43:14,542 [INFO] Processing resolved comments for QA log...
2026-03-30 13:43:15,003 [INFO] Logged 0 resolved comments to QA log and audits
2026-03-30 13:44:15,423 [INFO] Processing resolved comments for QA log...
2026-03-30 13:44:15,809 [INFO] Logged 0 resolved comments to QA log and audits
2026-03-30 13:45:16,224 [INFO] Processing resolved comments for QA log...
2026-03-30 13:45:16,578 [INFO] Logged 0 resolved comments to QA log and audits
2026-03-30 13:46:16,772 [INFO] Found 2 pending comments to process
2026-03-30 13:46:30,275 [INFO] Processed pending comment 78fc100b-c8d2-461d-9cc8-bcee757620fb (fact_correction) for HR.com Ltd/company-snapshot — now awaiting_response
2026-03-30 13:46:41,408 [INFO] Processed pending comment e59eda72-2442-4499-b702-5f3907e99db0 (fact_correction) for Springer Floor Care/valuation — now awaiting_response
2026-03-30 13:46:41,589 [INFO] Processing resolved comments for QA log...
2026-03-30 13:46:41,941 [INFO] Logged 0 resolved comments to QA log and audits
2026-03-30 13:47:42,236 [INFO] Processing resolved comments for QA log...
2026-03-30 13:47:42,556 [INFO] Logged 0 resolved comments to QA log and audits
2026-03-30 13:48:42,884 [INFO] Processing resolved comments for QA log...
2026-03-30 13:48:43,212 [INFO] Logged 0 resolved comments to QA log and audits
2026-03-30 13:49:43,477 [INFO] Processing resolved comments for QA log...
2026-03-30 13:49:43,775 [INFO] Logged 0 resolved comments to QA log and audits
2026-03-30 13:50:44,163 [INFO] Processing resolved comments for QA log...
2026-03-30 13:50:44,554 [INFO] Logged 0 resolved comments to QA log and audits
2026-03-30 13:51:44,981 [INFO] Processing resolved comments for QA log...
2026-03-30 13:51:45,281 [INFO] Logged 0 resolved comments to QA log and audits
2026-03-30 13:52:45,626 [INFO] Processing resolved comments for QA log...
2026-03-30 13:52:45,932 [INFO] Logged 0 resolved comments to QA log and audits
2026-03-30 13:53:46,264 [INFO] Processing resolved comments for QA log...
2026-03-30 13:53:46,620 [INFO] Logged 0 resolved comments to QA log and audits
2026-03-30 13:54:46,922 [INFO] Processing resolved comments for QA log...
2026-03-30 13:54:47,211 [INFO] Logged 0 resolved comments to QA log and audits
2026-03-30 13:55:47,567 [INFO] Processing resolved comments for QA log...
2026-03-30 13:55:47,871 [INFO] Logged 0 resolved comments to QA log and audits
2026-03-30 13:56:48,189 [INFO] Processing resolved comments for QA log...
2026-03-30 13:56:48,462 [INFO] Logged 0 resolved comments to QA log and audits
2026-03-30 13:57:48,851 [INFO] Processing resolved comments for QA log...
2026-03-30 13:57:49,150 [INFO] Logged 0 resolved comments to QA log and audits
2026-03-30 13:58:49,545 [INFO] Processing resolved comments for QA log...
2026-03-30 13:58:49,906 [INFO] Logged 0 resolved comments to QA log and audits
2026-03-30 13:59:50,256 [INFO] Processing resolved comments for QA log...
2026-03-30 13:59:50,637 [INFO] Logged 0 resolved comments to QA log and audits
2026-03-30 14:00:51,026 [INFO] Processing resolved comments for QA log...
2026-03-30 14:00:51,452 [INFO] Logged 0 resolved comments to QA log and audits
2026-03-30 14:01:51,795 [INFO] Processing resolved comments for QA log...
2026-03-30 14:01:52,121 [INFO] Logged 0 resolved comments to QA log and audits
2026-03-30 14:02:52,521 [INFO] Processing resolved comments for QA log...
2026-03-30 14:02:52,818 [INFO] Logged 0 resolved comments to QA log and audits
2026-03-30 14:03:53,253 [INFO] Processing resolved comments for QA log...
2026-03-30 14:03:53,583 [INFO] Logged 0 resolved comments to QA log and audits
2026-03-30 14:04:53,877 [INFO] Processing resolved comments for QA log...
2026-03-30 14:04:54,201 [INFO] Logged 0 resolved comments to QA log and audits
2026-03-30 14:05:54,513 [INFO] Processing resolved comments for QA log...
2026-03-30 14:05:54,867 [INFO] Logged 0 resolved comments to QA log and audits
2026-03-30 14:06:55,167 [INFO] Processing resolved comments for QA log...
2026-03-30 14:06:55,496 [INFO] Logged 0 resolved comments to QA log and audits
2026-03-30 14:07:55,797 [INFO] Processing resolved comments for QA log...
2026-03-30 14:07:56,126 [INFO] Logged 0 resolved comments to QA log and audits
2026-03-30 14:08:56,404 [INFO] Found 1 pending comments to process
2026-03-30 14:09:13,456 [INFO] Processed pending comment 7f22d0e1-bc44-4707-8f82-c35e81441962 (feedback) for HR.com Ltd/success_criteria_move_up_move_down_collapse_hide_delete — now awaiting_response
2026-03-30 14:09:13,669 [INFO] Processing resolved comments for QA log...
2026-03-30 14:09:13,939 [INFO] Logged 0 resolved comments to QA log and audits
2026-03-30 14:10:14,133 [INFO] Found 2 pending comments to process
2026-03-30 14:10:34,838 [INFO] Processed pending comment 6e313b1e-3f48-46ae-af8a-d5b1a87cee02 (feedback) for HR.com Ltd/agenda_move_up_move_down_collapse_hide_delete — now awaiting_response
2026-03-30 14:10:50,474 [INFO] Processed pending comment 68bb3ee4-6c7c-46a3-ad71-d65056df51e1 (feedback) for HR.com Ltd/questions_to_ask_move_up_move_down_collapse_hide_delete — now awaiting_response
2026-03-30 14:10:50,701 [INFO] Processing resolved comments for QA log...
2026-03-30 14:10:51,096 [INFO] Logged 0 resolved comments to QA log and audits
2026-03-30 14:11:51,499 [INFO] Processing resolved comments for QA log...
2026-03-30 14:11:51,810 [INFO] Logged 0 resolved comments to QA log and audits
2026-03-30 14:12:52,197 [INFO] Processing resolved comments for QA log...
2026-03-30 14:12:52,469 [INFO] Logged 0 resolved comments to QA log and audits
2026-03-30 14:13:52,746 [INFO] Processing resolved comments for QA log...
2026-03-30 14:13:53,143 [INFO] Logged 0 resolved comments to QA log and audits
2026-03-30 14:14:53,453 [INFO] Processing resolved comments for QA log...
2026-03-30 14:14:53,827 [INFO] Logged 0 resolved comments to QA log and audits
2026-03-30 14:15:54,241 [INFO] Processing resolved comments for QA log...
2026-03-30 14:15:54,523 [INFO] Logged 0 resolved comments to QA log and audits
2026-03-30 14:16:54,791 [INFO] Processing resolved comments for QA log...
2026-03-30 14:16:55,089 [INFO] Logged 0 resolved comments to QA log and audits
2026-03-30 14:17:55,365 [INFO] Processing resolved comments for QA log...
2026-03-30 14:17:55,644 [INFO] Logged 0 resolved comments to QA log and audits
2026-03-30 14:18:55,921 [INFO] Processing resolved comments for QA log...
2026-03-30 14:18:56,283 [INFO] Logged 0 resolved comments to QA log and audits
2026-03-30 14:19:56,611 [INFO] Processing resolved comments for QA log...
2026-03-30 14:19:56,988 [INFO] Logged 0 resolved comments to QA log and audits
2026-03-30 14:20:57,318 [INFO] Processing resolved comments for QA log...
2026-03-30 14:20:57,577 [INFO] Logged 0 resolved comments to QA log and audits
2026-03-30 14:21:57,962 [INFO] Processing resolved comments for QA log...
2026-03-30 14:21:58,286 [INFO] Logged 0 resolved comments to QA log and audits
2026-03-30 14:22:58,569 [INFO] Processing resolved comments for QA log...
2026-03-30 14:22:59,045 [INFO] Appended to QA log: ewing on HR.com Ltd/success_criteria_move_up_move_down_collapse_hide_delete
2026-03-30 14:22:59,186 [INFO] Stored in audits: comment 7f22d0e1-bc44-4707-8f82-c35e81441962
2026-03-30 14:22:59,409 [INFO] Appended to QA log: ewing on HR.com Ltd/agenda_move_up_move_down_collapse_hide_delete
2026-03-30 14:22:59,541 [INFO] Stored in audits: comment 6e313b1e-3f48-46ae-af8a-d5b1a87cee02
2026-03-30 14:22:59,674 [INFO] Appended to QA log: ewing on HR.com Ltd/questions_to_ask_move_up_move_down_collapse_hide_delete
2026-03-30 14:22:59,862 [INFO] Stored in audits: comment 68bb3ee4-6c7c-46a3-ad71-d65056df51e1
2026-03-30 14:22:59,863 [INFO] Logged 3 resolved comments to QA log and audits
2026-03-30 14:24:00,258 [INFO] Processing resolved comments for QA log...
2026-03-30 14:24:01,069 [INFO] Logged 0 resolved comments to QA log and audits
2026-03-30 14:25:03,576 [INFO] Processing resolved comments for QA log...
2026-03-30 14:25:04,603 [INFO] Logged 0 resolved comments to QA log and audits
2026-03-30 14:26:05,020 [INFO] Processing resolved comments for QA log...
2026-03-30 14:26:05,855 [INFO] Logged 0 resolved comments to QA log and audits
2026-03-30 14:27:06,233 [INFO] Processing resolved comments for QA log...
2026-03-30 14:27:07,049 [INFO] Logged 0 resolved comments to QA log and audits
2026-03-30 14:28:07,375 [INFO] Processing resolved comments for QA log...
2026-03-30 14:28:08,228 [INFO] Logged 0 resolved comments to QA log and audits
2026-03-30 14:29:08,577 [INFO] Processing resolved comments for QA log...
2026-03-30 14:29:09,435 [INFO] Logged 0 resolved comments to QA log and audits
2026-03-30 14:30:09,817 [INFO] Processing resolved comments for QA log...
2026-03-30 14:30:10,775 [INFO] Logged 0 resolved comments to QA log and audits
2026-03-30 14:31:11,205 [INFO] Processing resolved comments for QA log...
2026-03-30 14:31:12,117 [INFO] Logged 0 resolved comments to QA log and audits
2026-03-30 14:32:12,461 [INFO] Processing resolved comments for QA log...
2026-03-30 14:32:13,218 [INFO] Logged 0 resolved comments to QA log and audits
2026-03-30 14:33:13,535 [INFO] Processing resolved comments for QA log...
2026-03-30 14:33:14,426 [INFO] Logged 0 resolved comments to QA log and audits
2026-03-30 14:34:14,733 [INFO] Processing resolved comments for QA log...
2026-03-30 14:34:15,526 [INFO] Logged 0 resolved comments to QA log and audits
2026-03-30 14:35:15,818 [INFO] Processing resolved comments for QA log...
2026-03-30 14:35:16,738 [INFO] Logged 0 resolved comments to QA log and audits
2026-03-30 14:36:17,023 [INFO] Processing resolved comments for QA log...
2026-03-30 14:36:17,922 [INFO] Logged 0 resolved comments to QA log and audits
2026-03-30 14:37:18,229 [INFO] Processing resolved comments for QA log...
2026-03-30 14:37:18,998 [INFO] Logged 0 resolved comments to QA log and audits
2026-03-30 14:38:19,311 [INFO] Processing resolved comments for QA log...
2026-03-30 14:38:20,253 [INFO] Logged 0 resolved comments to QA log and audits
2026-03-30 14:39:20,538 [INFO] Processing resolved comments for QA log...
2026-03-30 14:39:21,461 [INFO] Logged 0 resolved comments to QA log and audits
2026-03-30 14:40:21,840 [INFO] Processing resolved comments for QA log...
2026-03-30 14:40:22,634 [INFO] Logged 0 resolved comments to QA log and audits
2026-03-30 14:41:22,974 [INFO] Processing resolved comments for QA log...
2026-03-30 14:41:23,737 [INFO] Logged 0 resolved comments to QA log and audits
2026-03-30 14:42:24,085 [INFO] Processing resolved comments for QA log...
2026-03-30 14:42:24,954 [INFO] Logged 0 resolved comments to QA log and audits
2026-03-30 14:43:25,353 [INFO] Processing resolved comments for QA log...
2026-03-30 14:43:26,289 [INFO] Logged 0 resolved comments to QA log and audits
2026-03-30 14:44:26,595 [INFO] Processing resolved comments for QA log...
2026-03-30 14:44:27,368 [INFO] Logged 0 resolved comments to QA log and audits
2026-03-30 14:45:27,780 [INFO] Processing resolved comments for QA log...
2026-03-30 14:45:28,718 [INFO] Logged 0 resolved comments to QA log and audits
2026-03-30 14:46:29,025 [INFO] Processing resolved comments for QA log...
2026-03-30 14:46:29,880 [INFO] Logged 0 resolved comments to QA log and audits
2026-03-30 14:47:30,239 [INFO] Processing resolved comments for QA log...
2026-03-30 14:47:31,117 [INFO] Logged 0 resolved comments to QA log and audits
2026-03-30 14:48:31,422 [INFO] Processing resolved comments for QA log...
2026-03-30 14:48:32,212 [INFO] Logged 0 resolved comments to QA log and audits
2026-03-30 14:49:32,623 [INFO] Processing resolved comments for QA log...
2026-03-30 14:49:33,448 [INFO] Logged 0 resolved comments to QA log and audits
2026-03-30 14:50:33,719 [INFO] Processing resolved comments for QA log...
2026-03-30 14:50:34,597 [INFO] Logged 0 resolved comments to QA log and audits
2026-03-30 14:51:34,919 [INFO] Processing resolved comments for QA log...
2026-03-30 14:51:35,834 [INFO] Logged 0 resolved comments to QA log and audits
