2026-03-29T18:38:41.849579 | ENGAGE | 
============================================================
2026-03-29T18:38:41.849853 | ENGAGE | ENGAGEMENT ACTIVATION: fca72ac6-bb3c-4aaf-b4ea-44eb2d9ece7e
2026-03-29T18:38:41.849898 | ENGAGE | ============================================================
2026-03-29T18:38:42.644010 | ENGAGE |   Company: Wieser Concrete Products, Inc.
2026-03-29T18:38:42.714815 | ENGAGE |   Buyers loaded: 10
2026-03-29T18:38:43.430081 | ENGAGE |   DNC check: 0 blocked, 10 clear
2026-03-29T18:38:43.430867 | ENGAGE |   Generating outreach for 10 clear buyers...
2026-03-29T18:39:51.640876 | ENGAGE |     Scripted 3/10 buyers
2026-03-29T18:41:05.243901 | ENGAGE |     Scripted 6/10 buyers
2026-03-29T18:42:13.510102 | ENGAGE |     Scripted 9/10 buyers
2026-03-29T18:42:35.314517 | ENGAGE |   Outreach scripts generated for top 10 buyers
2026-03-29T18:43:17.488695 | ENGAGE | 
============================================================
2026-03-29T18:43:17.488903 | ENGAGE | ENGAGEMENT ACTIVATION: fca72ac6-bb3c-4aaf-b4ea-44eb2d9ece7e
2026-03-29T18:43:17.488937 | ENGAGE | ============================================================
2026-03-29T18:43:18.272171 | ENGAGE |   Company: Wieser Concrete Products, Inc.
2026-03-29T18:43:18.413803 | ENGAGE |   Buyers loaded: 10
2026-03-29T18:43:19.133821 | ENGAGE |   DNC check: 0 blocked, 10 clear
2026-03-29T18:43:19.134591 | ENGAGE |   Generating outreach for 10 clear buyers...
2026-03-29T18:44:26.906522 | ENGAGE |     Scripted 3/10 buyers
2026-03-29T18:45:37.343924 | ENGAGE |     Scripted 6/10 buyers
2026-03-29T18:46:46.019783 | ENGAGE |     Scripted 9/10 buyers
2026-03-29T18:47:13.110790 | ENGAGE |   Outreach scripts generated for top 10 buyers
2026-03-29T18:47:56.633266 | ENGAGE | 
============================================================
2026-03-29T18:47:56.633506 | ENGAGE | ENGAGEMENT ACTIVATION: ce11b6b7-f485-4f38-96e3-1455507ecff1
2026-03-29T18:47:56.633551 | ENGAGE | ============================================================
2026-03-29T18:47:57.388568 | ENGAGE |   Company: Air Control
2026-03-29T18:47:57.456414 | ENGAGE |   Buyers loaded: 10
2026-03-29T18:47:58.169003 | ENGAGE |   DNC check: 0 blocked, 10 clear
2026-03-29T18:47:58.169777 | ENGAGE |   Generating outreach for 10 clear buyers...
2026-03-29T18:49:25.212518 | ENGAGE |     Scripted 3/10 buyers
2026-03-29T18:50:30.820096 | ENGAGE |     Scripted 6/10 buyers
2026-03-29T18:51:44.636927 | ENGAGE |     Scripted 9/10 buyers
2026-03-29T18:52:11.249939 | ENGAGE |   Outreach scripts generated for top 10 buyers
2026-03-29T18:52:51.058239 | ENGAGE |   Generating account plan page...
2026-03-29T18:52:51.193249 | ENGAGE | ENGAGEMENT ACTIVATED: Air Control
2026-03-29T18:52:51.193857 | ENGAGE |   Buyers: 10 clear / 0 DNC blocked
2026-03-29T18:52:51.194150 | ENGAGE |   Scripts: top 10 generated
2026-03-29T18:52:51.194443 | ENGAGE |   Timeline: 30/60/90 day plan created
2026-03-29T18:52:55.316962 | ENGAGE | 
============================================================
2026-03-29T18:52:55.317220 | ENGAGE | ENGAGEMENT ACTIVATION: 656be30d-dafe-4755-a04a-6de4891a69ca
2026-03-29T18:52:55.317256 | ENGAGE | ============================================================
2026-03-29T18:52:56.155857 | ENGAGE |   Company: AquaScience
2026-03-29T18:52:56.224209 | ENGAGE |   Buyers loaded: 10
2026-03-29T18:52:56.941296 | ENGAGE |   DNC check: 0 blocked, 10 clear
2026-03-29T18:52:56.942031 | ENGAGE |   Generating outreach for 10 clear buyers...
2026-03-29T18:54:05.414880 | ENGAGE |     Scripted 3/10 buyers
2026-03-29T18:55:16.365380 | ENGAGE |     Scripted 6/10 buyers
2026-03-29T18:56:26.767741 | ENGAGE |     Scripted 9/10 buyers
2026-03-29T18:56:55.445083 | ENGAGE |   Outreach scripts generated for top 10 buyers
2026-03-29T18:57:36.398142 | ENGAGE |   Generating account plan page...
2026-03-29T18:57:36.532969 | ENGAGE | ENGAGEMENT ACTIVATED: AquaScience
2026-03-29T18:57:36.533721 | ENGAGE |   Buyers: 10 clear / 0 DNC blocked
2026-03-29T18:57:36.534089 | ENGAGE |   Scripts: top 10 generated
2026-03-29T18:57:36.534352 | ENGAGE |   Timeline: 30/60/90 day plan created
2026-03-29T18:57:40.698892 | ENGAGE | 
============================================================
2026-03-29T18:57:40.699098 | ENGAGE | ENGAGEMENT ACTIVATION: d55f982f-2993-4794-9f05-155924ad4ad2
2026-03-29T18:57:40.699139 | ENGAGE | ============================================================
2026-03-29T18:57:41.482815 | ENGAGE |   Company: Design Precast & Pipe, Inc.
2026-03-29T18:57:41.550706 | ENGAGE |   Buyers loaded: 10
2026-03-29T18:57:42.269990 | ENGAGE |   DNC check: 0 blocked, 10 clear
2026-03-29T18:57:42.270782 | ENGAGE |   Generating outreach for 10 clear buyers...
2026-03-29T18:58:53.262487 | ENGAGE |     Scripted 3/10 buyers
2026-03-29T19:00:00.637735 | ENGAGE |     Scripted 6/10 buyers
2026-03-29T19:01:08.962664 | ENGAGE |     Scripted 9/10 buyers
2026-03-29T19:01:35.535791 | ENGAGE |   Outreach scripts generated for top 10 buyers
2026-03-29T19:02:19.377260 | ENGAGE |   Generating account plan page...
2026-03-29T19:02:19.510921 | ENGAGE | ENGAGEMENT ACTIVATED: Design Precast & Pipe, Inc.
2026-03-29T19:02:19.511663 | ENGAGE |   Buyers: 10 clear / 0 DNC blocked
2026-03-29T19:02:19.512042 | ENGAGE |   Scripts: top 10 generated
2026-03-29T19:02:19.512311 | ENGAGE |   Timeline: 30/60/90 day plan created
2026-03-29T19:02:23.817557 | ENGAGE | 
============================================================
2026-03-29T19:02:23.817790 | ENGAGE | ENGAGEMENT ACTIVATION: 63642786-ab16-456d-bac3-8f277f36ddc5
2026-03-29T19:02:23.817833 | ENGAGE | ============================================================
2026-03-29T19:02:24.597753 | ENGAGE |   Company: HR.com Ltd
2026-03-29T19:02:24.671861 | ENGAGE |   Buyers loaded: 10
2026-03-29T19:02:25.379310 | ENGAGE |   DNC check: 0 blocked, 10 clear
2026-03-29T19:02:25.380076 | ENGAGE |   Generating outreach for 10 clear buyers...
2026-03-29T19:03:34.032254 | ENGAGE |     Scripted 3/10 buyers
2026-03-29T19:06:47.647138 | ENGAGE |     Scripted 6/10 buyers
2026-03-29T19:07:27.265179 | ENGAGE | 
============================================================
2026-03-29T19:07:27.265489 | ENGAGE | ENGAGEMENT ACTIVATION: 63642786-ab16-456d-bac3-8f277f36ddc5
2026-03-29T19:07:27.265531 | ENGAGE | ============================================================
2026-03-29T19:07:28.091104 | ENGAGE |   Company: HR.com Ltd
2026-03-29T19:07:28.234451 | ENGAGE |   Buyers loaded: 10
2026-03-29T19:07:28.968251 | ENGAGE |   DNC check: 0 blocked, 10 clear
2026-03-29T19:07:28.969125 | ENGAGE |   Generating outreach for 10 clear buyers...
2026-03-29T19:07:56.947292 | ENGAGE |     Scripted 9/10 buyers
2026-03-29T19:08:23.888249 | ENGAGE |   Outreach scripts generated for top 10 buyers
2026-03-29T19:08:36.168582 | ENGAGE |     Scripted 3/10 buyers
2026-03-29T19:09:08.848323 | ENGAGE |   Generating account plan page...
2026-03-29T19:09:08.987854 | ENGAGE | ENGAGEMENT ACTIVATED: HR.com Ltd
2026-03-29T19:09:08.988533 | ENGAGE |   Buyers: 10 clear / 0 DNC blocked
2026-03-29T19:09:08.989016 | ENGAGE |   Scripts: top 10 generated
2026-03-29T19:09:08.989253 | ENGAGE |   Timeline: 30/60/90 day plan created
2026-03-29T19:09:44.446007 | ENGAGE |     Scripted 6/10 buyers
2026-03-29T19:10:55.726033 | ENGAGE |     Scripted 9/10 buyers
2026-03-29T19:11:22.986883 | ENGAGE |   Outreach scripts generated for top 10 buyers
2026-03-29T19:12:08.378176 | ENGAGE |   Generating account plan page...
2026-03-29T19:12:08.572539 | ENGAGE | ENGAGEMENT ACTIVATED: HR.com Ltd
2026-03-29T19:12:08.573311 | ENGAGE |   Buyers: 10 clear / 0 DNC blocked
2026-03-29T19:12:08.573669 | ENGAGE |   Scripts: top 10 generated
2026-03-29T19:12:08.573907 | ENGAGE |   Timeline: 30/60/90 day plan created
2026-03-29T19:12:12.633699 | ENGAGE | 
============================================================
2026-03-29T19:12:12.633975 | ENGAGE | ENGAGEMENT ACTIVATION: deed565b-156f-4d92-aa51-254802c71c6a
2026-03-29T19:12:12.634189 | ENGAGE | ============================================================
2026-03-29T19:12:13.580515 | ENGAGE |   Company: Springer Floor
2026-03-29T19:12:13.652243 | ENGAGE |   Buyers loaded: 10
2026-03-29T19:12:14.477285 | ENGAGE |   DNC check: 0 blocked, 10 clear
2026-03-29T19:12:14.478263 | ENGAGE |   Generating outreach for 10 clear buyers...
2026-03-29T19:13:22.419817 | ENGAGE |     Scripted 3/10 buyers
2026-03-29T19:14:32.473440 | ENGAGE |     Scripted 6/10 buyers
2026-03-29T19:15:41.969017 | ENGAGE |     Scripted 9/10 buyers
2026-03-29T19:16:08.749281 | ENGAGE |   Outreach scripts generated for top 10 buyers
2026-03-29T19:16:51.426210 | ENGAGE |   Generating account plan page...
2026-03-29T19:16:51.596676 | ENGAGE | ENGAGEMENT ACTIVATED: Springer Floor
2026-03-29T19:16:51.597394 | ENGAGE |   Buyers: 10 clear / 0 DNC blocked
2026-03-29T19:16:51.597976 | ENGAGE |   Scripts: top 10 generated
2026-03-29T19:16:51.598277 | ENGAGE |   Timeline: 30/60/90 day plan created
2026-03-29T19:16:55.980107 | ENGAGE | 
============================================================
2026-03-29T19:16:55.980359 | ENGAGE | ENGAGEMENT ACTIVATION: fca72ac6-bb3c-4aaf-b4ea-44eb2d9ece7e
2026-03-29T19:16:55.980413 | ENGAGE | ============================================================
2026-03-29T19:16:56.841473 | ENGAGE |   Company: Wieser Concrete Products, Inc.
2026-03-29T19:16:56.916705 | ENGAGE |   Buyers loaded: 10
2026-03-29T19:16:57.645658 | ENGAGE |   DNC check: 0 blocked, 10 clear
2026-03-29T19:16:57.646450 | ENGAGE |   Generating outreach for 10 clear buyers...
2026-03-29T19:18:03.667318 | ENGAGE |     Scripted 3/10 buyers
2026-03-29T19:19:07.387818 | ENGAGE |     Scripted 6/10 buyers
2026-03-29T19:20:22.222579 | ENGAGE |     Scripted 9/10 buyers
2026-03-29T19:20:44.474319 | ENGAGE |   Outreach scripts generated for top 10 buyers
2026-03-29T19:21:30.309185 | ENGAGE |   Generating account plan page...
2026-03-29T19:21:30.508089 | ENGAGE | ENGAGEMENT ACTIVATED: Wieser Concrete Products, Inc.
2026-03-29T19:21:30.508853 | ENGAGE |   Buyers: 10 clear / 0 DNC blocked
2026-03-29T19:21:30.509067 | ENGAGE |   Scripts: top 10 generated
2026-03-29T19:21:30.509226 | ENGAGE |   Timeline: 30/60/90 day plan created
