2026-03-30 16:45:00,305  INFO     === sync_call_intel.py  mode=poll  2026-03-30 16:45:00 ===
Traceback (most recent call last):
  File "/Users/clawdbot/Projects/master-crm-web/scripts/sync_call_intel.py", line 638, in <module>
    main()
  File "/Users/clawdbot/Projects/master-crm-web/scripts/sync_call_intel.py", line 630, in main
    run_poll_mode()
  File "/Users/clawdbot/Projects/master-crm-web/scripts/sync_call_intel.py", line 541, in run_poll_mode
    transcripts = poll_fireflies()
  File "/Users/clawdbot/Projects/master-crm-web/scripts/sync_call_intel.py", line 361, in poll_fireflies
    prompt   = FIREFLIES_PROMPT.format(from_iso=from_iso)
KeyError: '\n  "transcript_id"'
2026-03-30 17:00:00,559  INFO     === sync_call_intel.py  mode=poll  2026-03-30 17:00:00 ===
Traceback (most recent call last):
  File "/Users/clawdbot/Projects/master-crm-web/scripts/sync_call_intel.py", line 638, in <module>
    main()
  File "/Users/clawdbot/Projects/master-crm-web/scripts/sync_call_intel.py", line 630, in main
    run_poll_mode()
  File "/Users/clawdbot/Projects/master-crm-web/scripts/sync_call_intel.py", line 541, in run_poll_mode
    transcripts = poll_fireflies()
  File "/Users/clawdbot/Projects/master-crm-web/scripts/sync_call_intel.py", line 361, in poll_fireflies
    prompt   = FIREFLIES_PROMPT.format(from_iso=from_iso)
KeyError: '\n  "transcript_id"'
